{
  "RSpec": {
    "coverage": {
      "/Users/hutchy/turing/4module/projects/crosspoll_be/config/environment.rb": [
        null,
        1,
        null,
        null,
        1
      ],
      "/Users/hutchy/turing/4module/projects/crosspoll_be/config/application.rb": [
        1,
        null,
        1,
        null,
        1,
        1,
        1,
        1,
        1,
        1,
        1,
        1,
        null,
        null,
        null,
        null,
        null,
        1,
        null,
        1,
        1,
        null,
        1,
        null,
        null,
        null,
        null,
        null,
        null,
        null,
        null,
        null,
        1,
        null,
        null
      ],
      "/Users/hutchy/turing/4module/projects/crosspoll_be/config/boot.rb": [
        1,
        null,
        1,
        1
      ],
      "/Users/hutchy/turing/4module/projects/crosspoll_be/config/environments/test.rb": [
        1,
        null,
        null,
        null,
        null,
        null,
        null,
        1,
        null,
        null,
        null,
        null,
        1,
        null,
        null,
        1,
        1,
        null,
        null,
        null,
        null,
        1,
        1,
        null,
        null,
        1,
        null,
        null,
        1,
        null,
        null,
        1,
        null,
        1,
        null,
        null,
        null,
        null,
        1,
        null,
        null,
        1,
        null,
        null,
        null,
        null
      ],
      "/Users/hutchy/turing/4module/projects/crosspoll_be/config/initializers/application_controller_renderer.rb": [
        null,
        null,
        null,
        null,
        null,
        null,
        null,
        null
      ],
      "/Users/hutchy/turing/4module/projects/crosspoll_be/config/initializers/backtrace_silencers.rb": [
        null,
        null,
        null,
        null,
        null,
        null,
        null
      ],
      "/Users/hutchy/turing/4module/projects/crosspoll_be/config/initializers/cors.rb": [
        null,
        null,
        null,
        null,
        null,
        null,
        null,
        null,
        null,
        null,
        null,
        null,
        null,
        null,
        null,
        null
      ],
      "/Users/hutchy/turing/4module/projects/crosspoll_be/config/initializers/filter_parameter_logging.rb": [
        null,
        null,
        null,
        1
      ],
      "/Users/hutchy/turing/4module/projects/crosspoll_be/config/initializers/inflections.rb": [
        null,
        null,
        null,
        null,
        null,
        null,
        null,
        null,
        null,
        null,
        null,
        null,
        null,
        null,
        null,
        null
      ],
      "/Users/hutchy/turing/4module/projects/crosspoll_be/config/initializers/mime_types.rb": [
        null,
        null,
        null,
        null
      ],
      "/Users/hutchy/turing/4module/projects/crosspoll_be/config/initializers/wrap_parameters.rb": [
        null,
        null,
        null,
        null,
        null,
        null,
        1,
        1,
        null,
        null,
        null,
        null,
        null,
        null
      ],
      "/Users/hutchy/turing/4module/projects/crosspoll_be/config/routes.rb": [
        1,
        null,
        null
      ],
      "/Users/hutchy/turing/4module/projects/crosspoll_be/app/models/item.rb": [
        1,
        1,
        1,
        null,
        1,
        null,
        null,
        null
      ],
      "/Users/hutchy/turing/4module/projects/crosspoll_be/app/models/application_record.rb": [
        1,
        1,
        null
      ],
      "/Users/hutchy/turing/4module/projects/crosspoll_be/spec/models/user_spec.rb": [
        1,
        null,
        1,
        1,
        2,
        2,
        2,
        2,
        2,
        2,
        2,
        2,
        2,
        2,
        2,
        2,
        null,
        null,
        1,
        2,
        2,
        null,
        null
      ],
      "/Users/hutchy/turing/4module/projects/crosspoll_be/app/models/user.rb": [
        1,
        1,
        1,
        null,
        1,
        null,
        null,
        null,
        null,
        null,
        null,
        null,
        null,
        null,
        null,
        1,
        null,
        1,
        0,
        null,
        null,
        null
      ],
      "/Users/hutchy/turing/4module/projects/crosspoll_be/spec/models/vendor_item_spec.rb": [
        1,
        null,
        1,
        null,
        null,
        null,
        null,
        null,
        null,
        null,
        null,
        1,
        2,
        2,
        null,
        null
      ],
      "/Users/hutchy/turing/4module/projects/crosspoll_be/app/models/vendor_item.rb": [
        1,
        1,
        1,
        null,
        1,
        null,
        null,
        null,
        null,
        null
      ]
    },
    "timestamp": 1550083758
  }
}
