{
  "RSpec": {
    "coverage": {
      "/Users/millstone/Turing/4Module/crosspoll_be/config/environment.rb": [
        null,
        1,
        null,
        null,
        1
      ],
      "/Users/millstone/Turing/4Module/crosspoll_be/config/application.rb": [
        1,
        null,
        1,
        null,
        1,
        1,
        1,
        1,
        1,
        1,
        1,
        1,
        null,
        null,
        null,
        null,
        null,
        1,
        null,
        1,
        1,
        null,
        1,
        null,
        null,
        null,
        null,
        null,
        null,
        null,
        null,
        null,
        1,
        null,
        null
      ],
      "/Users/millstone/Turing/4Module/crosspoll_be/config/boot.rb": [
        1,
        null,
        1,
        1
      ],
      "/Users/millstone/Turing/4Module/crosspoll_be/config/environments/test.rb": [
        1,
        null,
        null,
        null,
        null,
        null,
        null,
        1,
        null,
        null,
        null,
        null,
        1,
        null,
        null,
        1,
        1,
        null,
        null,
        null,
        null,
        1,
        1,
        null,
        null,
        1,
        null,
        null,
        1,
        null,
        null,
        1,
        null,
        1,
        null,
        null,
        null,
        null,
        1,
        null,
        null,
        1,
        null,
        null,
        null,
        null
      ],
      "/Users/millstone/Turing/4Module/crosspoll_be/config/initializers/application_controller_renderer.rb": [
        null,
        null,
        null,
        null,
        null,
        null,
        null,
        null
      ],
      "/Users/millstone/Turing/4Module/crosspoll_be/config/initializers/backtrace_silencers.rb": [
        null,
        null,
        null,
        null,
        null,
        null,
        null
      ],
      "/Users/millstone/Turing/4Module/crosspoll_be/config/initializers/cors.rb": [
        null,
        null,
        null,
        null,
        null,
        null,
        null,
        null,
        null,
        null,
        null,
        null,
        null,
        null,
        null,
        null
      ],
      "/Users/millstone/Turing/4Module/crosspoll_be/config/initializers/filter_parameter_logging.rb": [
        null,
        null,
        null,
        1
      ],
      "/Users/millstone/Turing/4Module/crosspoll_be/config/initializers/inflections.rb": [
        null,
        null,
        null,
        null,
        null,
        null,
        null,
        null,
        null,
        null,
        null,
        null,
        null,
        null,
        null,
        null
      ],
      "/Users/millstone/Turing/4Module/crosspoll_be/config/initializers/mime_types.rb": [
        null,
        null,
        null,
        null
      ],
      "/Users/millstone/Turing/4Module/crosspoll_be/config/initializers/wrap_parameters.rb": [
        null,
        null,
        null,
        null,
        null,
        null,
        1,
        2,
        null,
        null,
        null,
        null,
        null,
        null
      ],
      "/Users/millstone/Turing/4Module/crosspoll_be/config/routes.rb": [
        1,
        null,
        1,
        1,
        null,
        1,
        null,
        null,
        null,
        null
      ],
      "/Users/millstone/Turing/4Module/crosspoll_be/app/models/item.rb": [
        1,
        1,
        1,
        null,
        1,
        null,
        null,
        null
      ],
      "/Users/millstone/Turing/4Module/crosspoll_be/app/models/application_record.rb": [
        1,
        1,
        null
      ],
      "/Users/millstone/Turing/4Module/crosspoll_be/app/models/user.rb": [
        1,
        null,
        1,
        1,
        null,
        1,
        null,
        1,
        null,
        null,
        null,
        null,
        null,
        null,
        null,
        null,
        null,
        null,
        1,
        null,
        null
      ],
      "/Users/millstone/Turing/4Module/crosspoll_be/app/models/vendor_item.rb": [
        1,
        1,
        1,
        null,
        1,
        null,
        null,
        null,
        null,
        null
      ],
      "/Users/millstone/Turing/4Module/crosspoll_be/app/controllers/api/v1/vendors_controller.rb": [
        1,
        null,
        1,
        1,
        null,
        null,
        null
      ],
      "/Users/millstone/Turing/4Module/crosspoll_be/app/controllers/application_controller.rb": [
        1,
        null
      ],
      "/Users/millstone/Turing/4Module/crosspoll_be/app/serializers/vendor_serializer.rb": [
        1,
        1,
        null,
        1,
        null,
        null,
        null,
        null,
        null,
        null,
        null,
        null,
        null,
        null,
        null,
        null,
        1,
        10,
        80,
        null,
        null,
        null
      ]
    },
    "timestamp": 1550108016
  }
}
